{
  "stats": {
    "suites": 1,
    "tests": 4,
    "passes": 2,
    "pending": 0,
    "failures": 2,
    "start": "2022-08-12T01:48:56.090Z",
    "end": "2022-08-12T01:49:29.446Z",
    "duration": 33356,
    "testsRegistered": 4,
    "passPercent": 50,
    "pendingPercent": 0,
    "other": 0,
    "hasOther": false,
    "skipped": 0,
    "hasSkipped": false
  },
  "results": [
    {
      "uuid": "26c50cc9-985c-4700-b6b9-5cd1dd6ece46",
      "title": "",
      "fullFile": "cypress/integration/04.SaveExpensesForm_spec.js",
      "file": "cypress/integration/04.SaveExpensesForm_spec.js",
      "beforeHooks": [],
      "afterHooks": [],
      "tests": [],
      "suites": [
        {
          "uuid": "7bf42d09-8e8c-472e-900f-33c8b733a1b0",
          "title": "4 - Salve todas as informações do formulário no estado global",
          "fullFile": "",
          "file": "",
          "beforeHooks": [],
          "afterHooks": [],
          "tests": [
            {
              "title": "Adiciona uma despesa e verifica se a soma de despesas do header foi atualizada e os inputs voltaram ao valor inicial",
              "fullTitle": "4 - Salve todas as informações do formulário no estado global Adiciona uma despesa e verifica se a soma de despesas do header foi atualizada e os inputs voltaram ao valor inicial",
              "timedOut": null,
              "duration": 13051,
              "state": "failed",
              "speed": null,
              "pass": false,
              "fail": true,
              "pending": false,
              "context": null,
              "code": "const expense = {\n  value: '11',\n  currency: 'USD',\n  method: 'Cartão de crédito',\n  tag: 'Lazer',\n  description: 'Onze dólares'\n};\n(0, _helperFunctions.addExpense)(expense);\ncy.getByTestId(_constants.TOTAL_FIELD_TEST_ID).should('have.text', '52.28');\ncy.getByTestId(_constants.VALUE_INPUT_TEST_ID).should('have.value', '');\ncy.getByTestId(_constants.DESCRIPTION_INPUT_TEST_ID).should('have.value', '');",
              "err": {
                "message": "AssertionError: Timed out retrying after 10000ms: expected '<p>' to have text '52.28', but the text was 'Despesas Total: 2.3142791020597087'",
                "estack": "AssertionError: Timed out retrying after 10000ms: expected '<p>' to have text '52.28', but the text was 'Despesas Total: 2.3142791020597087'\n    at Context.eval (http://localhost:3000/__cypress/tests?p=cypress/integration/04.SaveExpensesForm_spec.js:179:52)",
                "diff": "- 'Despesas Total: 2.3142791020597087'\n+ '52.28'\n"
              },
              "uuid": "ab87bc2c-f188-4de7-bb06-78e8c9f913ec",
              "parentUUID": "7bf42d09-8e8c-472e-900f-33c8b733a1b0",
              "isHook": false,
              "skipped": false
            },
            {
              "title": "Adiciona uma despesa e verifica se a despesa foi salva no estado global",
              "fullTitle": "4 - Salve todas as informações do formulário no estado global Adiciona uma despesa e verifica se a despesa foi salva no estado global",
              "timedOut": null,
              "duration": 2028,
              "state": "passed",
              "speed": "fast",
              "pass": true,
              "fail": false,
              "pending": false,
              "context": null,
              "code": "const expense = {\n  value: '11',\n  currency: 'USD',\n  method: 'Cartão de crédito',\n  tag: 'Lazer',\n  description: 'Onze dólares'\n};\n(0, _helperFunctions.addExpense)(expense);\ncy.window().its('store').invoke('getState').its('wallet.expenses').should('deep.equal', [_objectSpread(_objectSpread({}, expense), {}, {\n  id: 0,\n  exchangeRates: _data.mockData\n})]);",
              "err": {},
              "uuid": "b97fdb7a-f5c9-428a-89fc-b999e42b04f5",
              "parentUUID": "7bf42d09-8e8c-472e-900f-33c8b733a1b0",
              "isHook": false,
              "skipped": false
            },
            {
              "title": "Verifica se a API é chamada a cada vez que o botão 'Adicionar despesa' é clicado",
              "fullTitle": "4 - Salve todas as informações do formulário no estado global Verifica se a API é chamada a cada vez que o botão 'Adicionar despesa' é clicado",
              "timedOut": null,
              "duration": 3210,
              "state": "passed",
              "speed": "fast",
              "pass": true,
              "fail": false,
              "pending": false,
              "context": null,
              "code": "const expense = {\n  value: '11',\n  currency: 'USD',\n  method: 'Cartão de crédito',\n  tag: 'Lazer',\n  description: 'Onze dólares'\n};\ncy.get('@mockFetch').should('be.calledOnce');\n(0, _helperFunctions.addExpense)(expense);\ncy.get('@mockFetch').should('be.calledTwice');\n(0, _helperFunctions.addExpense)(expense);\ncy.get('@mockFetch').should('be.calledThrice');",
              "err": {},
              "uuid": "b67efc43-9525-4105-9401-75aa37bc534a",
              "parentUUID": "7bf42d09-8e8c-472e-900f-33c8b733a1b0",
              "isHook": false,
              "skipped": false
            },
            {
              "title": "Adiciona duas despesas e verifica se o estado global e header foram atualizados",
              "fullTitle": "4 - Salve todas as informações do formulário no estado global Adiciona duas despesas e verifica se o estado global e header foram atualizados",
              "timedOut": null,
              "duration": 13324,
              "state": "failed",
              "speed": null,
              "pass": false,
              "fail": true,
              "pending": false,
              "context": null,
              "code": "const firstExpense = {\n  id: 0,\n  value: '11',\n  currency: 'USD',\n  method: 'Cartão de crédito',\n  tag: 'Lazer',\n  description: 'Onze dólares',\n  exchangeRates: _data.mockData\n};\n(0, _helperFunctions.addExpense)(firstExpense);\ncy.window().its('store').invoke('getState').its('wallet.expenses').should('deep.equal', [firstExpense]);\nconst secondExpense = {\n  id: 1,\n  value: '20',\n  currency: 'EUR',\n  method: 'Cartão de débito',\n  tag: 'Trabalho',\n  description: 'Vinte euros',\n  exchangeRates: _data.mockData\n};\n(0, _helperFunctions.addExpense)(secondExpense);\ncy.window().its('store').invoke('getState').its('wallet.expenses').should('deep.equal', [firstExpense, secondExpense]);\ncy.getByTestId(_constants.TOTAL_FIELD_TEST_ID).should('have.text', '154.82');",
              "err": {
                "message": "AssertionError: Timed out retrying after 10000ms: expected '<p>' to have text '154.82', but the text was 'Despesas Total: 6.215347994936357'",
                "estack": "AssertionError: Timed out retrying after 10000ms: expected '<p>' to have text '154.82', but the text was 'Despesas Total: 6.215347994936357'\n    at Context.eval (http://localhost:3000/__cypress/tests?p=cypress/integration/04.SaveExpensesForm_spec.js:234:52)",
                "diff": "- 'Despesas Total: 6.215347994936357'\n+ '154.82'\n"
              },
              "uuid": "f3ad728b-2fe3-4804-8d65-9f63533e87ff",
              "parentUUID": "7bf42d09-8e8c-472e-900f-33c8b733a1b0",
              "isHook": false,
              "skipped": false
            }
          ],
          "suites": [],
          "passes": [
            "b97fdb7a-f5c9-428a-89fc-b999e42b04f5",
            "b67efc43-9525-4105-9401-75aa37bc534a"
          ],
          "failures": [
            "ab87bc2c-f188-4de7-bb06-78e8c9f913ec",
            "f3ad728b-2fe3-4804-8d65-9f63533e87ff"
          ],
          "pending": [],
          "skipped": [],
          "duration": 31613,
          "root": false,
          "rootEmpty": false,
          "_timeout": 2000
        }
      ],
      "passes": [],
      "failures": [],
      "pending": [],
      "skipped": [],
      "duration": 0,
      "root": true,
      "rootEmpty": true,
      "_timeout": 2000
    }
  ],
  "meta": {
    "mocha": {
      "version": "7.0.1"
    },
    "mochawesome": {
      "options": {
        "quiet": false,
        "reportFilename": "mochawesome",
        "saveHtml": false,
        "saveJson": true,
        "consoleReporter": "spec",
        "useInlineDiffs": false,
        "code": true
      },
      "version": "7.1.3"
    },
    "marge": {
      "options": {
        "id": "default",
        "reportDir": "cypress/reports",
        "overwrite": false,
        "html": false,
        "json": true
      },
      "version": "6.2.0"
    }
  }
}