{
  "stats": {
    "suites": 1,
    "tests": 1,
    "passes": 0,
    "pending": 0,
    "failures": 1,
    "start": "2022-08-05T01:56:58.817Z",
    "end": "2022-08-05T01:57:10.755Z",
    "duration": 11938,
    "testsRegistered": 6,
    "passPercent": 0,
    "pendingPercent": 0,
    "other": 0,
    "hasOther": false,
    "skipped": 5,
    "hasSkipped": true
  },
  "results": [
    {
      "uuid": "207fd56a-7437-4d85-a1c3-bc114a5aa7ee",
      "title": "",
      "fullFile": "cypress/integration/03.ExpensesForm_spec.js",
      "file": "cypress/integration/03.ExpensesForm_spec.js",
      "beforeHooks": [],
      "afterHooks": [],
      "tests": [],
      "suites": [
        {
          "uuid": "aaadb482-6243-423e-bda2-7d7ff4dc67e4",
          "title": "3 - Desenvolva um formulário para adicionar uma despesa contendo as seguintes características:",
          "fullFile": "",
          "file": "",
          "beforeHooks": [],
          "afterHooks": [],
          "tests": [
            {
              "title": "Um campo para adicionar o valor da despesa",
              "fullTitle": "3 - Desenvolva um formulário para adicionar uma despesa contendo as seguintes características: Um campo para adicionar o valor da despesa",
              "timedOut": null,
              "duration": 10990,
              "state": "failed",
              "speed": null,
              "pass": false,
              "fail": true,
              "pending": false,
              "context": null,
              "code": "cy.getByTestId(_constants.VALUE_INPUT_TEST_ID).should('exist');",
              "err": {
                "message": "AssertionError: Timed out retrying after 10000ms: Expected to find content: '/Entrar/i' but never did.\n\nBecause this error occurred during a `before each` hook we are skipping the remaining tests in the current suite: `3 - Desenvolva um formulári...`",
                "estack": "AssertionError: Timed out retrying after 10000ms: Expected to find content: '/Entrar/i' but never did.\n\nBecause this error occurred during a `before each` hook we are skipping the remaining tests in the current suite: `3 - Desenvolva um formulári...`\n    at logInWithValidCredentials (http://localhost:3000/__cypress/tests?p=cypress/integration/03.ExpensesForm_spec.js:585:6)\n    at Context.eval (http://localhost:3000/__cypress/tests?p=cypress/integration/03.ExpensesForm_spec.js:134:52)",
                "diff": null
              },
              "uuid": "ae252424-b68e-4625-9bba-416774cbf766",
              "parentUUID": "aaadb482-6243-423e-bda2-7d7ff4dc67e4",
              "isHook": false,
              "skipped": false
            },
            {
              "title": "Um campo para adicionar a descrição da despesa",
              "fullTitle": "3 - Desenvolva um formulário para adicionar uma despesa contendo as seguintes características: Um campo para adicionar a descrição da despesa",
              "timedOut": null,
              "duration": 0,
              "state": "skipped",
              "speed": null,
              "pass": false,
              "fail": false,
              "pending": false,
              "context": null,
              "code": "cy.getByTestId(_constants.DESCRIPTION_INPUT_TEST_ID).should('exist');",
              "err": {},
              "uuid": "ae3aa5af-3761-4d80-9fb2-b7afe1dea8d2",
              "parentUUID": "aaadb482-6243-423e-bda2-7d7ff4dc67e4",
              "isHook": false,
              "skipped": true
            },
            {
              "title": "Um campo para selecionar em qual moeda será registrada a despesa",
              "fullTitle": "3 - Desenvolva um formulário para adicionar uma despesa contendo as seguintes características: Um campo para selecionar em qual moeda será registrada a despesa",
              "timedOut": null,
              "duration": 0,
              "state": "skipped",
              "speed": null,
              "pass": false,
              "fail": false,
              "pending": false,
              "context": null,
              "code": "cy.getByTestId(_constants.CURRENCY_INPUT_TEST_ID).find('option').should('have.length', _constants.currenciesOptions.length);\ncy.wrap(_constants.currenciesOptions).each(currency => {\n  cy.getByTestId(_constants.CURRENCY_INPUT_TEST_ID).contains('option', currency).should('exist');\n});",
              "err": {},
              "uuid": "0f4f2d68-4ddb-4c73-aa5e-1b90b04f0069",
              "parentUUID": "aaadb482-6243-423e-bda2-7d7ff4dc67e4",
              "isHook": false,
              "skipped": true
            },
            {
              "title": "A chave currencies no estado global deve ser um array de siglas puxadas através de uma requisição à API",
              "fullTitle": "3 - Desenvolva um formulário para adicionar uma despesa contendo as seguintes características: A chave currencies no estado global deve ser um array de siglas puxadas através de uma requisição à API",
              "timedOut": null,
              "duration": 0,
              "state": "skipped",
              "speed": null,
              "pass": false,
              "fail": false,
              "pending": false,
              "context": null,
              "code": "cy.get('@mockFetch').should('be.calledWith', 'https://economia.awesomeapi.com.br/json/all');\ncy.window().its('store').invoke('getState').its('wallet.currencies').should('deep.equal', _constants.currenciesOptions);",
              "err": {},
              "uuid": "00fa8134-56b6-4eeb-992f-c7dec9d56f82",
              "parentUUID": "aaadb482-6243-423e-bda2-7d7ff4dc67e4",
              "isHook": false,
              "skipped": true
            },
            {
              "title": "Um campo para selecionar qual método de pagamento será utilizado",
              "fullTitle": "3 - Desenvolva um formulário para adicionar uma despesa contendo as seguintes características: Um campo para selecionar qual método de pagamento será utilizado",
              "timedOut": null,
              "duration": 0,
              "state": "skipped",
              "speed": null,
              "pass": false,
              "fail": false,
              "pending": false,
              "context": null,
              "code": "cy.getByTestId(_constants.METHOD_INPUT_TEST_ID).find('option').should('have.length', _constants.methodOptions.length);\ncy.wrap(_constants.methodOptions).each(method => {\n  cy.getByTestId(_constants.METHOD_INPUT_TEST_ID).contains('option', method).should('exist');\n});",
              "err": {},
              "uuid": "4223ce71-9463-485a-9873-b4bfecf20cc6",
              "parentUUID": "aaadb482-6243-423e-bda2-7d7ff4dc67e4",
              "isHook": false,
              "skipped": true
            },
            {
              "title": "Um campo para selecionar uma categoria (tag) para a despesa.",
              "fullTitle": "3 - Desenvolva um formulário para adicionar uma despesa contendo as seguintes características: Um campo para selecionar uma categoria (tag) para a despesa.",
              "timedOut": null,
              "duration": 0,
              "state": "skipped",
              "speed": null,
              "pass": false,
              "fail": false,
              "pending": false,
              "context": null,
              "code": "cy.getByTestId(_constants.TAG_INPUT_TEST_ID).find('option').should('have.length', _constants.tagOptions.length);\ncy.wrap(_constants.tagOptions).each(tag => {\n  cy.getByTestId(_constants.TAG_INPUT_TEST_ID).contains('option', tag).should('exist');\n});",
              "err": {},
              "uuid": "0b8bc570-d8f3-4b2c-9593-d8b977f92324",
              "parentUUID": "aaadb482-6243-423e-bda2-7d7ff4dc67e4",
              "isHook": false,
              "skipped": true
            }
          ],
          "suites": [],
          "passes": [],
          "failures": [
            "ae252424-b68e-4625-9bba-416774cbf766"
          ],
          "pending": [],
          "skipped": [
            "ae3aa5af-3761-4d80-9fb2-b7afe1dea8d2",
            "0f4f2d68-4ddb-4c73-aa5e-1b90b04f0069",
            "00fa8134-56b6-4eeb-992f-c7dec9d56f82",
            "4223ce71-9463-485a-9873-b4bfecf20cc6",
            "0b8bc570-d8f3-4b2c-9593-d8b977f92324"
          ],
          "duration": 10990,
          "root": false,
          "rootEmpty": false,
          "_timeout": 2000
        }
      ],
      "passes": [],
      "failures": [],
      "pending": [],
      "skipped": [],
      "duration": 0,
      "root": true,
      "rootEmpty": true,
      "_timeout": 2000
    }
  ],
  "meta": {
    "mocha": {
      "version": "7.0.1"
    },
    "mochawesome": {
      "options": {
        "quiet": false,
        "reportFilename": "mochawesome",
        "saveHtml": false,
        "saveJson": true,
        "consoleReporter": "spec",
        "useInlineDiffs": false,
        "code": true
      },
      "version": "7.1.3"
    },
    "marge": {
      "options": {
        "id": "default",
        "reportDir": "cypress/reports",
        "overwrite": false,
        "html": false,
        "json": true
      },
      "version": "6.2.0"
    }
  }
}