{
  "stats": {
    "suites": 1,
    "tests": 6,
    "passes": 4,
    "pending": 0,
    "failures": 2,
    "start": "2022-08-05T15:35:27.818Z",
    "end": "2022-08-05T15:35:54.423Z",
    "duration": 26605,
    "testsRegistered": 6,
    "passPercent": 66.66666666666666,
    "pendingPercent": 0,
    "other": 0,
    "hasOther": false,
    "skipped": 0,
    "hasSkipped": false
  },
  "results": [
    {
      "uuid": "aefb914e-159d-4065-bd7d-383d38817cd6",
      "title": "",
      "fullFile": "cypress/integration/03.ExpensesForm_spec.js",
      "file": "cypress/integration/03.ExpensesForm_spec.js",
      "beforeHooks": [],
      "afterHooks": [],
      "tests": [],
      "suites": [
        {
          "uuid": "0aa73980-8a91-4214-ae97-89bdc5b7daf3",
          "title": "3 - Desenvolva um formulário para adicionar uma despesa contendo as seguintes características:",
          "fullFile": "",
          "file": "",
          "beforeHooks": [],
          "afterHooks": [],
          "tests": [
            {
              "title": "Um campo para adicionar o valor da despesa",
              "fullTitle": "3 - Desenvolva um formulário para adicionar uma despesa contendo as seguintes características: Um campo para adicionar o valor da despesa",
              "timedOut": null,
              "duration": 1488,
              "state": "passed",
              "speed": "fast",
              "pass": true,
              "fail": false,
              "pending": false,
              "context": null,
              "code": "cy.getByTestId(_constants.VALUE_INPUT_TEST_ID).should('exist');",
              "err": {},
              "uuid": "55300542-d908-40da-a32c-5b7eaf5d4ccc",
              "parentUUID": "0aa73980-8a91-4214-ae97-89bdc5b7daf3",
              "isHook": false,
              "skipped": false
            },
            {
              "title": "Um campo para adicionar a descrição da despesa",
              "fullTitle": "3 - Desenvolva um formulário para adicionar uma despesa contendo as seguintes características: Um campo para adicionar a descrição da despesa",
              "timedOut": null,
              "duration": 762,
              "state": "passed",
              "speed": "fast",
              "pass": true,
              "fail": false,
              "pending": false,
              "context": null,
              "code": "cy.getByTestId(_constants.DESCRIPTION_INPUT_TEST_ID).should('exist');",
              "err": {},
              "uuid": "11cc8ccd-58fc-4194-b276-6fb3b272d81f",
              "parentUUID": "0aa73980-8a91-4214-ae97-89bdc5b7daf3",
              "isHook": false,
              "skipped": false
            },
            {
              "title": "Um campo para selecionar em qual moeda será registrada a despesa",
              "fullTitle": "3 - Desenvolva um formulário para adicionar uma despesa contendo as seguintes características: Um campo para selecionar em qual moeda será registrada a despesa",
              "timedOut": null,
              "duration": 10753,
              "state": "failed",
              "speed": null,
              "pass": false,
              "fail": true,
              "pending": false,
              "context": null,
              "code": "cy.getByTestId(_constants.CURRENCY_INPUT_TEST_ID).find('option').should('have.length', _constants.currenciesOptions.length);\ncy.wrap(_constants.currenciesOptions).each(currency => {\n  cy.getByTestId(_constants.CURRENCY_INPUT_TEST_ID).contains('option', currency).should('exist');\n});",
              "err": {
                "message": "AssertionError: Timed out retrying after 10000ms: Expected to find element: `option`, but never found it. Queried from element: <input#currency-input>",
                "estack": "AssertionError: Timed out retrying after 10000ms: Expected to find element: `option`, but never found it. Queried from element: <input#currency-input>\n    at Context.eval (http://localhost:3000/__cypress/tests?p=cypress/integration/03.ExpensesForm_spec.js:143:70)",
                "diff": null
              },
              "uuid": "035018a7-6925-4d56-8538-226fad352b4b",
              "parentUUID": "0aa73980-8a91-4214-ae97-89bdc5b7daf3",
              "isHook": false,
              "skipped": false
            },
            {
              "title": "A chave currencies no estado global deve ser um array de siglas puxadas através de uma requisição à API",
              "fullTitle": "3 - Desenvolva um formulário para adicionar uma despesa contendo as seguintes características: A chave currencies no estado global deve ser um array de siglas puxadas através de uma requisição à API",
              "timedOut": null,
              "duration": 10844,
              "state": "failed",
              "speed": null,
              "pass": false,
              "fail": true,
              "pending": false,
              "context": null,
              "code": "cy.get('@mockFetch').should('be.calledWith', 'https://economia.awesomeapi.com.br/json/all');\ncy.window().its('store').invoke('getState').its('wallet.currencies').should('deep.equal', _constants.currenciesOptions);",
              "err": {
                "message": "AssertionError: Timed out retrying after 10000ms: expected mockFetch to have been called with arguments \"https://economia.awesomeapi.com.br/json/all\", but it was never called",
                "estack": "AssertionError: Timed out retrying after 10000ms: expected mockFetch to have been called with arguments \"https://economia.awesomeapi.com.br/json/all\", but it was never called\n    at Context.eval (http://localhost:3000/__cypress/tests?p=cypress/integration/03.ExpensesForm_spec.js:149:26)",
                "diff": null
              },
              "uuid": "fb758da1-8a89-49a9-b23c-5d875baf3797",
              "parentUUID": "0aa73980-8a91-4214-ae97-89bdc5b7daf3",
              "isHook": false,
              "skipped": false
            },
            {
              "title": "Um campo para selecionar qual método de pagamento será utilizado",
              "fullTitle": "3 - Desenvolva um formulário para adicionar uma despesa contendo as seguintes características: Um campo para selecionar qual método de pagamento será utilizado",
              "timedOut": null,
              "duration": 832,
              "state": "passed",
              "speed": "fast",
              "pass": true,
              "fail": false,
              "pending": false,
              "context": null,
              "code": "cy.getByTestId(_constants.METHOD_INPUT_TEST_ID).find('option').should('have.length', _constants.methodOptions.length);\ncy.wrap(_constants.methodOptions).each(method => {\n  cy.getByTestId(_constants.METHOD_INPUT_TEST_ID).contains('option', method).should('exist');\n});",
              "err": {},
              "uuid": "6a80ff63-8e8b-4c32-bbcb-f2e8632da820",
              "parentUUID": "0aa73980-8a91-4214-ae97-89bdc5b7daf3",
              "isHook": false,
              "skipped": false
            },
            {
              "title": "Um campo para selecionar uma categoria (tag) para a despesa.",
              "fullTitle": "3 - Desenvolva um formulário para adicionar uma despesa contendo as seguintes características: Um campo para selecionar uma categoria (tag) para a despesa.",
              "timedOut": null,
              "duration": 817,
              "state": "passed",
              "speed": "fast",
              "pass": true,
              "fail": false,
              "pending": false,
              "context": null,
              "code": "cy.getByTestId(_constants.TAG_INPUT_TEST_ID).find('option').should('have.length', _constants.tagOptions.length);\ncy.wrap(_constants.tagOptions).each(tag => {\n  cy.getByTestId(_constants.TAG_INPUT_TEST_ID).contains('option', tag).should('exist');\n});",
              "err": {},
              "uuid": "ecd097b8-cda2-449d-9a0a-457ea336fe10",
              "parentUUID": "0aa73980-8a91-4214-ae97-89bdc5b7daf3",
              "isHook": false,
              "skipped": false
            }
          ],
          "suites": [],
          "passes": [
            "55300542-d908-40da-a32c-5b7eaf5d4ccc",
            "11cc8ccd-58fc-4194-b276-6fb3b272d81f",
            "6a80ff63-8e8b-4c32-bbcb-f2e8632da820",
            "ecd097b8-cda2-449d-9a0a-457ea336fe10"
          ],
          "failures": [
            "035018a7-6925-4d56-8538-226fad352b4b",
            "fb758da1-8a89-49a9-b23c-5d875baf3797"
          ],
          "pending": [],
          "skipped": [],
          "duration": 25496,
          "root": false,
          "rootEmpty": false,
          "_timeout": 2000
        }
      ],
      "passes": [],
      "failures": [],
      "pending": [],
      "skipped": [],
      "duration": 0,
      "root": true,
      "rootEmpty": true,
      "_timeout": 2000
    }
  ],
  "meta": {
    "mocha": {
      "version": "7.0.1"
    },
    "mochawesome": {
      "options": {
        "quiet": false,
        "reportFilename": "mochawesome",
        "saveHtml": false,
        "saveJson": true,
        "consoleReporter": "spec",
        "useInlineDiffs": false,
        "code": true
      },
      "version": "7.1.3"
    },
    "marge": {
      "options": {
        "id": "default",
        "reportDir": "cypress/reports",
        "overwrite": false,
        "html": false,
        "json": true
      },
      "version": "6.2.0"
    }
  }
}