{
  "stats": {
    "suites": 1,
    "tests": 4,
    "passes": 0,
    "pending": 0,
    "failures": 4,
    "start": "2022-08-16T23:07:07.781Z",
    "end": "2022-08-16T23:07:08.087Z",
    "duration": 306,
    "testsRegistered": 4,
    "passPercent": 0,
    "pendingPercent": 0,
    "other": 0,
    "hasOther": false,
    "skipped": 0,
    "hasSkipped": false
  },
  "results": [
    {
      "uuid": "ddef16e9-7858-4595-9133-3e2a15eeb827",
      "title": "",
      "fullFile": "cypress/integration/10.TestCoverage_spec.js",
      "file": "cypress/integration/10.TestCoverage_spec.js",
      "beforeHooks": [],
      "afterHooks": [],
      "tests": [],
      "suites": [
        {
          "uuid": "8ce7ddc1-14c2-4ec1-af45-339f835aeb6a",
          "title": "10 - Desenvolva testes para atingir 90% de cobertura total da aplicação",
          "fullFile": "",
          "file": "",
          "beforeHooks": [],
          "afterHooks": [],
          "tests": [
            {
              "title": "Cobertura de \"Statements\" total deverá ser maior ou igual a 90.",
              "fullTitle": "10 - Desenvolva testes para atingir 90% de cobertura total da aplicação Cobertura de \"Statements\" total deverá ser maior ou igual a 90.",
              "timedOut": null,
              "duration": 56,
              "state": "failed",
              "speed": null,
              "pass": false,
              "fail": true,
              "pending": false,
              "context": null,
              "code": "cy.task('getCoverage', (0, _getId.getId)()).its('total.statements.pct', {\n  timeout: 0\n}).should('be.gte', 90.00);",
              "err": {
                "message": "AssertionError: Timed out retrying after 0ms: expected 69.17 to be at least 90",
                "estack": "AssertionError: Timed out retrying after 0ms: expected 69.17 to be at least 90\n    at Context.eval (http://localhost:39035/__cypress/tests?p=cypress/integration/10.TestCoverage_spec.js:105:8)",
                "diff": "- 69.17\n+ 90\n"
              },
              "uuid": "d2ca9e91-4c03-4431-af94-9770ac3254a6",
              "parentUUID": "8ce7ddc1-14c2-4ec1-af45-339f835aeb6a",
              "isHook": false,
              "skipped": false
            },
            {
              "title": "Cobertura de \"Functions\" total deverá ser maior ou igual a 90.",
              "fullTitle": "10 - Desenvolva testes para atingir 90% de cobertura total da aplicação Cobertura de \"Functions\" total deverá ser maior ou igual a 90.",
              "timedOut": null,
              "duration": 29,
              "state": "failed",
              "speed": null,
              "pass": false,
              "fail": true,
              "pending": false,
              "context": null,
              "code": "cy.task('getCoverage', (0, _getId.getId)()).its('total.functions.pct', {\n  timeout: 0\n}).should('be.gte', 90.00);",
              "err": {
                "message": "AssertionError: Timed out retrying after 0ms: expected 61.36 to be at least 90",
                "estack": "AssertionError: Timed out retrying after 0ms: expected 61.36 to be at least 90\n    at Context.eval (http://localhost:39035/__cypress/tests?p=cypress/integration/10.TestCoverage_spec.js:110:8)",
                "diff": "- 61.36\n+ 90\n"
              },
              "uuid": "0e4068f3-e309-4376-a762-8024397a3186",
              "parentUUID": "8ce7ddc1-14c2-4ec1-af45-339f835aeb6a",
              "isHook": false,
              "skipped": false
            },
            {
              "title": "Cobertura de \"Branches\" total deverá ser maior ou igual a 90.",
              "fullTitle": "10 - Desenvolva testes para atingir 90% de cobertura total da aplicação Cobertura de \"Branches\" total deverá ser maior ou igual a 90.",
              "timedOut": null,
              "duration": 28,
              "state": "failed",
              "speed": null,
              "pass": false,
              "fail": true,
              "pending": false,
              "context": null,
              "code": "cy.task('getCoverage', (0, _getId.getId)()).its('total.branches.pct', {\n  timeout: 0\n}).should('be.gte', 90.00);",
              "err": {
                "message": "AssertionError: Timed out retrying after 0ms: expected 82.61 to be at least 90",
                "estack": "AssertionError: Timed out retrying after 0ms: expected 82.61 to be at least 90\n    at Context.eval (http://localhost:39035/__cypress/tests?p=cypress/integration/10.TestCoverage_spec.js:115:8)",
                "diff": "- 82.61\n+ 90\n"
              },
              "uuid": "e4c56c95-bb59-4c60-b723-3ccc88861e65",
              "parentUUID": "8ce7ddc1-14c2-4ec1-af45-339f835aeb6a",
              "isHook": false,
              "skipped": false
            },
            {
              "title": "Cobertura de \"Lines\" total deverá ser maior ou igual a 90.",
              "fullTitle": "10 - Desenvolva testes para atingir 90% de cobertura total da aplicação Cobertura de \"Lines\" total deverá ser maior ou igual a 90.",
              "timedOut": null,
              "duration": 32,
              "state": "failed",
              "speed": null,
              "pass": false,
              "fail": true,
              "pending": false,
              "context": null,
              "code": "cy.task('getCoverage', (0, _getId.getId)()).its('total.lines.pct', {\n  timeout: 0\n}).should('be.gte', 90.00);",
              "err": {
                "message": "AssertionError: Timed out retrying after 0ms: expected 71.19 to be at least 90",
                "estack": "AssertionError: Timed out retrying after 0ms: expected 71.19 to be at least 90\n    at Context.eval (http://localhost:39035/__cypress/tests?p=cypress/integration/10.TestCoverage_spec.js:120:8)",
                "diff": "- 71.19\n+ 90\n"
              },
              "uuid": "41c34ca1-d8ca-4929-8b22-da087bec680b",
              "parentUUID": "8ce7ddc1-14c2-4ec1-af45-339f835aeb6a",
              "isHook": false,
              "skipped": false
            }
          ],
          "suites": [],
          "passes": [],
          "failures": [
            "d2ca9e91-4c03-4431-af94-9770ac3254a6",
            "0e4068f3-e309-4376-a762-8024397a3186",
            "e4c56c95-bb59-4c60-b723-3ccc88861e65",
            "41c34ca1-d8ca-4929-8b22-da087bec680b"
          ],
          "pending": [],
          "skipped": [],
          "duration": 145,
          "root": false,
          "rootEmpty": false,
          "_timeout": 2000
        }
      ],
      "passes": [],
      "failures": [],
      "pending": [],
      "skipped": [],
      "duration": 0,
      "root": true,
      "rootEmpty": true,
      "_timeout": 2000
    }
  ],
  "meta": {
    "mocha": {
      "version": "7.0.1"
    },
    "mochawesome": {
      "options": {
        "quiet": false,
        "reportFilename": "mochawesome",
        "saveHtml": false,
        "saveJson": true,
        "consoleReporter": "spec",
        "useInlineDiffs": false,
        "code": true
      },
      "version": "7.1.3"
    },
    "marge": {
      "options": {
        "id": "default",
        "reportDir": "cypress/reports",
        "overwrite": false,
        "html": false,
        "json": true
      },
      "version": "6.2.0"
    }
  }
}