{
  "stats": {
    "suites": 1,
    "tests": 4,
    "passes": 3,
    "pending": 0,
    "failures": 1,
    "start": "2022-08-16T23:04:31.879Z",
    "end": "2022-08-16T23:06:11.907Z",
    "duration": 100028,
    "testsRegistered": 4,
    "passPercent": 75,
    "pendingPercent": 0,
    "other": 0,
    "hasOther": false,
    "skipped": 0,
    "hasSkipped": false
  },
  "results": [
    {
      "uuid": "c3361b48-2d79-4f62-893d-25699a92c74e",
      "title": "",
      "fullFile": "cypress/integration/05.TestCoverage_spec.js",
      "file": "cypress/integration/05.TestCoverage_spec.js",
      "beforeHooks": [],
      "afterHooks": [],
      "tests": [],
      "suites": [
        {
          "uuid": "fe39a76d-5a22-4f8c-9e47-f6c08cafae26",
          "title": "5 - Desenvolva testes para atingir 60% de cobertura total da aplicação",
          "fullFile": "",
          "file": "",
          "beforeHooks": [],
          "afterHooks": [],
          "tests": [
            {
              "title": "Cobertura de \"Statements\" total deverá ser maior ou igual a 60.",
              "fullTitle": "5 - Desenvolva testes para atingir 60% de cobertura total da aplicação Cobertura de \"Statements\" total deverá ser maior ou igual a 60.",
              "timedOut": null,
              "duration": 60134,
              "state": "failed",
              "speed": null,
              "pass": false,
              "fail": true,
              "pending": false,
              "context": null,
              "code": "cy.task('getCoverage', (0, _getId.getId)()).its('total.statements.pct', {\n  timeout: 0\n}).should('be.gte', 60.00);",
              "err": {
                "message": "CypressError: `cy.task('getCoverage')` timed out after waiting `60000ms`.\n\nhttps://on.cypress.io/api/task",
                "estack": "CypressError: `cy.task('getCoverage')` timed out after waiting `60000ms`.\n\nhttps://on.cypress.io/api/task\n    at http://localhost:39035/__cypress/runner/cypress_runner.js:167081:78\n    at tryCatcher (http://localhost:39035/__cypress/runner/cypress_runner.js:13022:23)\n    at http://localhost:39035/__cypress/runner/cypress_runner.js:8144:41\n    at tryCatcher (http://localhost:39035/__cypress/runner/cypress_runner.js:13022:23)\n    at Promise._settlePromiseFromHandler (http://localhost:39035/__cypress/runner/cypress_runner.js:10957:31)\n    at Promise._settlePromise (http://localhost:39035/__cypress/runner/cypress_runner.js:11014:18)\n    at Promise._settlePromise0 (http://localhost:39035/__cypress/runner/cypress_runner.js:11059:10)\n    at Promise._settlePromises (http://localhost:39035/__cypress/runner/cypress_runner.js:11135:18)\n    at _drainQueueStep (http://localhost:39035/__cypress/runner/cypress_runner.js:7729:12)\n    at _drainQueue (http://localhost:39035/__cypress/runner/cypress_runner.js:7722:9)\n    at Async.../../node_modules/bluebird/js/release/async.js.Async._drainQueues (http://localhost:39035/__cypress/runner/cypress_runner.js:7738:5)\n    at Async.drainQueues (http://localhost:39035/__cypress/runner/cypress_runner.js:7608:14)\nFrom Your Spec Code:\n    at Context.eval (http://localhost:39035/__cypress/tests?p=cypress/integration/05.TestCoverage_spec.js:103:8)",
                "diff": null
              },
              "uuid": "64ef6c05-216d-4247-a22b-9780f8c8b109",
              "parentUUID": "fe39a76d-5a22-4f8c-9e47-f6c08cafae26",
              "isHook": false,
              "skipped": false
            },
            {
              "title": "Cobertura de \"Functions\" total deverá ser maior ou igual a 60.",
              "fullTitle": "5 - Desenvolva testes para atingir 60% de cobertura total da aplicação Cobertura de \"Functions\" total deverá ser maior ou igual a 60.",
              "timedOut": null,
              "duration": 39342,
              "state": "passed",
              "speed": "slow",
              "pass": true,
              "fail": false,
              "pending": false,
              "context": null,
              "code": "cy.task('getCoverage', (0, _getId.getId)()).its('total.functions.pct', {\n  timeout: 0\n}).should('be.gte', 60.00);",
              "err": {},
              "uuid": "321e8e0f-37a6-469f-be81-1b13b5a39699",
              "parentUUID": "fe39a76d-5a22-4f8c-9e47-f6c08cafae26",
              "isHook": false,
              "skipped": false
            },
            {
              "title": "Cobertura de \"Branches\" total deverá ser maior ou igual a 60.",
              "fullTitle": "5 - Desenvolva testes para atingir 60% de cobertura total da aplicação Cobertura de \"Branches\" total deverá ser maior ou igual a 60.",
              "timedOut": null,
              "duration": 42,
              "state": "passed",
              "speed": "fast",
              "pass": true,
              "fail": false,
              "pending": false,
              "context": null,
              "code": "cy.task('getCoverage', (0, _getId.getId)()).its('total.branches.pct', {\n  timeout: 0\n}).should('be.gte', 60.00);",
              "err": {},
              "uuid": "92dc1b25-7a6e-483e-9ff6-07252a976b2a",
              "parentUUID": "fe39a76d-5a22-4f8c-9e47-f6c08cafae26",
              "isHook": false,
              "skipped": false
            },
            {
              "title": "Cobertura de \"Lines\" total deverá ser maior ou igual a 60.",
              "fullTitle": "5 - Desenvolva testes para atingir 60% de cobertura total da aplicação Cobertura de \"Lines\" total deverá ser maior ou igual a 60.",
              "timedOut": null,
              "duration": 96,
              "state": "passed",
              "speed": "fast",
              "pass": true,
              "fail": false,
              "pending": false,
              "context": null,
              "code": "cy.task('getCoverage', (0, _getId.getId)()).its('total.lines.pct', {\n  timeout: 0\n}).should('be.gte', 60.00);",
              "err": {},
              "uuid": "8cbdc712-733e-421a-8106-06b7b780aae9",
              "parentUUID": "fe39a76d-5a22-4f8c-9e47-f6c08cafae26",
              "isHook": false,
              "skipped": false
            }
          ],
          "suites": [],
          "passes": [
            "321e8e0f-37a6-469f-be81-1b13b5a39699",
            "92dc1b25-7a6e-483e-9ff6-07252a976b2a",
            "8cbdc712-733e-421a-8106-06b7b780aae9"
          ],
          "failures": [
            "64ef6c05-216d-4247-a22b-9780f8c8b109"
          ],
          "pending": [],
          "skipped": [],
          "duration": 99614,
          "root": false,
          "rootEmpty": false,
          "_timeout": 2000
        }
      ],
      "passes": [],
      "failures": [],
      "pending": [],
      "skipped": [],
      "duration": 0,
      "root": true,
      "rootEmpty": true,
      "_timeout": 2000
    }
  ],
  "meta": {
    "mocha": {
      "version": "7.0.1"
    },
    "mochawesome": {
      "options": {
        "quiet": false,
        "reportFilename": "mochawesome",
        "saveHtml": false,
        "saveJson": true,
        "consoleReporter": "spec",
        "useInlineDiffs": false,
        "code": true
      },
      "version": "7.1.3"
    },
    "marge": {
      "options": {
        "id": "default",
        "reportDir": "cypress/reports",
        "overwrite": false,
        "html": false,
        "json": true
      },
      "version": "6.2.0"
    }
  }
}