{
  "stats": {
    "suites": 1,
    "tests": 4,
    "passes": 0,
    "pending": 0,
    "failures": 4,
    "start": "2022-08-16T22:53:56.717Z",
    "end": "2022-08-16T22:53:57.022Z",
    "duration": 305,
    "testsRegistered": 4,
    "passPercent": 0,
    "pendingPercent": 0,
    "other": 0,
    "hasOther": false,
    "skipped": 0,
    "hasSkipped": false
  },
  "results": [
    {
      "uuid": "658a4037-f813-4f4f-8f85-cd6bb67eaa72",
      "title": "",
      "fullFile": "cypress/integration/10.TestCoverage_spec.js",
      "file": "cypress/integration/10.TestCoverage_spec.js",
      "beforeHooks": [],
      "afterHooks": [],
      "tests": [],
      "suites": [
        {
          "uuid": "a9ab6629-effe-4c2a-bd33-4e40b65d636f",
          "title": "10 - Desenvolva testes para atingir 90% de cobertura total da aplicação",
          "fullFile": "",
          "file": "",
          "beforeHooks": [],
          "afterHooks": [],
          "tests": [
            {
              "title": "Cobertura de \"Statements\" total deverá ser maior ou igual a 90.",
              "fullTitle": "10 - Desenvolva testes para atingir 90% de cobertura total da aplicação Cobertura de \"Statements\" total deverá ser maior ou igual a 90.",
              "timedOut": null,
              "duration": 56,
              "state": "failed",
              "speed": null,
              "pass": false,
              "fail": true,
              "pending": false,
              "context": null,
              "code": "cy.task('getCoverage', (0, _getId.getId)()).its('total.statements.pct', {\n  timeout: 0\n}).should('be.gte', 90.00);",
              "err": {
                "message": "AssertionError: Timed out retrying after 0ms: expected 69.17 to be at least 90",
                "estack": "AssertionError: Timed out retrying after 0ms: expected 69.17 to be at least 90\n    at Context.eval (http://localhost:40535/__cypress/tests?p=cypress/integration/10.TestCoverage_spec.js:105:8)",
                "diff": "- 69.17\n+ 90\n"
              },
              "uuid": "d953545f-9922-4526-ad13-73919446b27c",
              "parentUUID": "a9ab6629-effe-4c2a-bd33-4e40b65d636f",
              "isHook": false,
              "skipped": false
            },
            {
              "title": "Cobertura de \"Functions\" total deverá ser maior ou igual a 90.",
              "fullTitle": "10 - Desenvolva testes para atingir 90% de cobertura total da aplicação Cobertura de \"Functions\" total deverá ser maior ou igual a 90.",
              "timedOut": null,
              "duration": 39,
              "state": "failed",
              "speed": null,
              "pass": false,
              "fail": true,
              "pending": false,
              "context": null,
              "code": "cy.task('getCoverage', (0, _getId.getId)()).its('total.functions.pct', {\n  timeout: 0\n}).should('be.gte', 90.00);",
              "err": {
                "message": "AssertionError: Timed out retrying after 0ms: expected 61.36 to be at least 90",
                "estack": "AssertionError: Timed out retrying after 0ms: expected 61.36 to be at least 90\n    at Context.eval (http://localhost:40535/__cypress/tests?p=cypress/integration/10.TestCoverage_spec.js:110:8)",
                "diff": "- 61.36\n+ 90\n"
              },
              "uuid": "559d6139-be3e-433c-8b38-fe2ef7ce83ea",
              "parentUUID": "a9ab6629-effe-4c2a-bd33-4e40b65d636f",
              "isHook": false,
              "skipped": false
            },
            {
              "title": "Cobertura de \"Branches\" total deverá ser maior ou igual a 90.",
              "fullTitle": "10 - Desenvolva testes para atingir 90% de cobertura total da aplicação Cobertura de \"Branches\" total deverá ser maior ou igual a 90.",
              "timedOut": null,
              "duration": 28,
              "state": "failed",
              "speed": null,
              "pass": false,
              "fail": true,
              "pending": false,
              "context": null,
              "code": "cy.task('getCoverage', (0, _getId.getId)()).its('total.branches.pct', {\n  timeout: 0\n}).should('be.gte', 90.00);",
              "err": {
                "message": "AssertionError: Timed out retrying after 0ms: expected 82.61 to be at least 90",
                "estack": "AssertionError: Timed out retrying after 0ms: expected 82.61 to be at least 90\n    at Context.eval (http://localhost:40535/__cypress/tests?p=cypress/integration/10.TestCoverage_spec.js:115:8)",
                "diff": "- 82.61\n+ 90\n"
              },
              "uuid": "cdf23bd8-58a1-4882-a720-ceabdf0cb02d",
              "parentUUID": "a9ab6629-effe-4c2a-bd33-4e40b65d636f",
              "isHook": false,
              "skipped": false
            },
            {
              "title": "Cobertura de \"Lines\" total deverá ser maior ou igual a 90.",
              "fullTitle": "10 - Desenvolva testes para atingir 90% de cobertura total da aplicação Cobertura de \"Lines\" total deverá ser maior ou igual a 90.",
              "timedOut": null,
              "duration": 28,
              "state": "failed",
              "speed": null,
              "pass": false,
              "fail": true,
              "pending": false,
              "context": null,
              "code": "cy.task('getCoverage', (0, _getId.getId)()).its('total.lines.pct', {\n  timeout: 0\n}).should('be.gte', 90.00);",
              "err": {
                "message": "AssertionError: Timed out retrying after 0ms: expected 71.19 to be at least 90",
                "estack": "AssertionError: Timed out retrying after 0ms: expected 71.19 to be at least 90\n    at Context.eval (http://localhost:40535/__cypress/tests?p=cypress/integration/10.TestCoverage_spec.js:120:8)",
                "diff": "- 71.19\n+ 90\n"
              },
              "uuid": "20850b3f-517c-49f9-8b3b-2a07b4d77e9a",
              "parentUUID": "a9ab6629-effe-4c2a-bd33-4e40b65d636f",
              "isHook": false,
              "skipped": false
            }
          ],
          "suites": [],
          "passes": [],
          "failures": [
            "d953545f-9922-4526-ad13-73919446b27c",
            "559d6139-be3e-433c-8b38-fe2ef7ce83ea",
            "cdf23bd8-58a1-4882-a720-ceabdf0cb02d",
            "20850b3f-517c-49f9-8b3b-2a07b4d77e9a"
          ],
          "pending": [],
          "skipped": [],
          "duration": 151,
          "root": false,
          "rootEmpty": false,
          "_timeout": 2000
        }
      ],
      "passes": [],
      "failures": [],
      "pending": [],
      "skipped": [],
      "duration": 0,
      "root": true,
      "rootEmpty": true,
      "_timeout": 2000
    }
  ],
  "meta": {
    "mocha": {
      "version": "7.0.1"
    },
    "mochawesome": {
      "options": {
        "quiet": false,
        "reportFilename": "mochawesome",
        "saveHtml": false,
        "saveJson": true,
        "consoleReporter": "spec",
        "useInlineDiffs": false,
        "code": true
      },
      "version": "7.1.3"
    },
    "marge": {
      "options": {
        "id": "default",
        "reportDir": "cypress/reports",
        "overwrite": false,
        "html": false,
        "json": true
      },
      "version": "6.2.0"
    }
  }
}