{
  "stats": {
    "suites": 1,
    "tests": 4,
    "passes": 1,
    "pending": 0,
    "failures": 3,
    "start": "2022-08-11T07:54:12.421Z",
    "end": "2022-08-11T07:54:31.592Z",
    "duration": 19171,
    "testsRegistered": 4,
    "passPercent": 25,
    "pendingPercent": 0,
    "other": 0,
    "hasOther": false,
    "skipped": 0,
    "hasSkipped": false
  },
  "results": [
    {
      "uuid": "b2d4dcee-b121-4f26-8b31-7fdba32a399e",
      "title": "",
      "fullFile": "cypress/integration/04.SaveExpensesForm_spec.js",
      "file": "cypress/integration/04.SaveExpensesForm_spec.js",
      "beforeHooks": [],
      "afterHooks": [],
      "tests": [],
      "suites": [
        {
          "uuid": "112f872a-5be1-4ae0-9892-7582d2aa6fbd",
          "title": "4 - Salve todas as informações do formulário no estado global",
          "fullFile": "",
          "file": "",
          "beforeHooks": [],
          "afterHooks": [],
          "tests": [
            {
              "title": "Adiciona uma despesa e verifica se a soma de despesas do header foi atualizada e os inputs voltaram ao valor inicial",
              "fullTitle": "4 - Salve todas as informações do formulário no estado global Adiciona uma despesa e verifica se a soma de despesas do header foi atualizada e os inputs voltaram ao valor inicial",
              "timedOut": null,
              "duration": 12319,
              "state": "failed",
              "speed": null,
              "pass": false,
              "fail": true,
              "pending": false,
              "context": null,
              "code": "const expense = {\n  value: '11',\n  currency: 'USD',\n  method: 'Cartão de crédito',\n  tag: 'Lazer',\n  description: 'Onze dólares'\n};\n(0, _helperFunctions.addExpense)(expense);\ncy.getByTestId(_constants.TOTAL_FIELD_TEST_ID).should('have.text', '52.28');\ncy.getByTestId(_constants.VALUE_INPUT_TEST_ID).should('have.value', '');\ncy.getByTestId(_constants.DESCRIPTION_INPUT_TEST_ID).should('have.value', '');",
              "err": {
                "message": "AssertionError: Timed out retrying after 10000ms: expected '<li>' to have text '52.28', but the text was 'Despesas Total: 0'",
                "estack": "AssertionError: Timed out retrying after 10000ms: expected '<li>' to have text '52.28', but the text was 'Despesas Total: 0'\n    at Context.eval (http://localhost:3000/__cypress/tests?p=cypress/integration/04.SaveExpensesForm_spec.js:179:52)",
                "diff": "- 'Despesas Total: 0'\n+ '52.28'\n"
              },
              "uuid": "e62c9673-dfed-4046-abad-25a6e4a4e75b",
              "parentUUID": "112f872a-5be1-4ae0-9892-7582d2aa6fbd",
              "isHook": false,
              "skipped": false
            },
            {
              "title": "Adiciona uma despesa e verifica se a despesa foi salva no estado global",
              "fullTitle": "4 - Salve todas as informações do formulário no estado global Adiciona uma despesa e verifica se a despesa foi salva no estado global",
              "timedOut": null,
              "duration": 1798,
              "state": "passed",
              "speed": "fast",
              "pass": true,
              "fail": false,
              "pending": false,
              "context": null,
              "code": "const expense = {\n  value: '11',\n  currency: 'USD',\n  method: 'Cartão de crédito',\n  tag: 'Lazer',\n  description: 'Onze dólares'\n};\n(0, _helperFunctions.addExpense)(expense);\ncy.window().its('store').invoke('getState').its('wallet.expenses').should('deep.equal', [_objectSpread(_objectSpread({}, expense), {}, {\n  id: 0,\n  exchangeRates: _data.mockData\n})]);",
              "err": {},
              "uuid": "c9c397f1-f6f5-4e7c-a852-a3e87b0d18f4",
              "parentUUID": "112f872a-5be1-4ae0-9892-7582d2aa6fbd",
              "isHook": false,
              "skipped": false
            },
            {
              "title": "Verifica se a API é chamada a cada vez que o botão 'Adicionar despesa' é clicado",
              "fullTitle": "4 - Salve todas as informações do formulário no estado global Verifica se a API é chamada a cada vez que o botão 'Adicionar despesa' é clicado",
              "timedOut": null,
              "duration": 1939,
              "state": "failed",
              "speed": null,
              "pass": false,
              "fail": true,
              "pending": false,
              "context": null,
              "code": "const expense = {\n  value: '11',\n  currency: 'USD',\n  method: 'Cartão de crédito',\n  tag: 'Lazer',\n  description: 'Onze dólares'\n};\ncy.get('@mockFetch').should('be.calledOnce');\n(0, _helperFunctions.addExpense)(expense);\ncy.get('@mockFetch').should('be.calledTwice');\n(0, _helperFunctions.addExpense)(expense);\ncy.get('@mockFetch').should('be.calledThrice');",
              "err": {
                "message": "TypeError: The following error originated from your application code, not from Cypress.\n\n  > this.setState is not a function\n\nWhen Cypress detects uncaught errors originating from your application it will automatically fail the current test.\n\nThis behavior is configurable, and you can choose to turn this off by listening to the `uncaught:exception` event.\n\nhttps://on.cypress.io/uncaught-exception-from-application",
                "estack": "TypeError: The following error originated from your application code, not from Cypress.\n\n  > this.setState is not a function\n\nWhen Cypress detects uncaught errors originating from your application it will automatically fail the current test.\n\nThis behavior is configurable, and you can choose to turn this off by listening to the `uncaught:exception` event.\n\nhttps://on.cypress.io/uncaught-exception-from-application\n    at WalletForm.onInputChange (http://localhost:3000/static/js/main.chunk.js:227:10)\n    at HTMLUnknownElement.callCallback (http://localhost:3000/static/js/0.chunk.js:6269:18)\n    at Object.invokeGuardedCallbackDev (http://localhost:3000/static/js/0.chunk.js:6318:20)\n    at invokeGuardedCallback (http://localhost:3000/static/js/0.chunk.js:6371:35)\n    at invokeGuardedCallbackAndCatchFirstError (http://localhost:3000/static/js/0.chunk.js:6386:29)\n    at executeDispatch (http://localhost:3000/static/js/0.chunk.js:6471:7)\n    at executeDispatchesInOrder (http://localhost:3000/static/js/0.chunk.js:6496:9)\n    at executeDispatchesAndRelease (http://localhost:3000/static/js/0.chunk.js:9380:9)\n    at executeDispatchesAndReleaseTopLevel (http://localhost:3000/static/js/0.chunk.js:9389:14)\n    at Array.forEach (<anonymous>)\n    at forEachAccumulated (http://localhost:3000/static/js/0.chunk.js:9359:13)\n    at runEventsInBatch (http://localhost:3000/static/js/0.chunk.js:9406:7)\n    at runExtractedPluginEventsInBatch (http://localhost:3000/static/js/0.chunk.js:9616:7)\n    at handleTopLevel (http://localhost:3000/static/js/0.chunk.js:9660:9)\n    at batchedEventUpdates$1 (http://localhost:3000/static/js/0.chunk.js:27806:16)\n    at batchedEventUpdates (http://localhost:3000/static/js/0.chunk.js:6878:16)\n    at dispatchEventForLegacyPluginEventSystem (http://localhost:3000/static/js/0.chunk.js:9670:9)\n    at attemptToDispatchEvent (http://localhost:3000/static/js/0.chunk.js:10390:9)\n    at dispatchEvent (http://localhost:3000/static/js/0.chunk.js:10311:23)\n    at unstable_runWithPriority (http://localhost:3000/static/js/0.chunk.js:41822:16)\n    at runWithPriority$1 (http://localhost:3000/static/js/0.chunk.js:17156:14)\n    at discreteUpdates$1 (http://localhost:3000/static/js/0.chunk.js:27823:16)\n    at discreteUpdates (http://localhost:3000/static/js/0.chunk.js:6891:16)\n    at dispatchDiscreteEvent (http://localhost:3000/static/js/0.chunk.js:10290:7)",
                "diff": null
              },
              "uuid": "57930406-ee56-4d15-9c12-87758abb78cb",
              "parentUUID": "112f872a-5be1-4ae0-9892-7582d2aa6fbd",
              "isHook": false,
              "skipped": false
            },
            {
              "title": "Adiciona duas despesas e verifica se o estado global e header foram atualizados",
              "fullTitle": "4 - Salve todas as informações do formulário no estado global Adiciona duas despesas e verifica se o estado global e header foram atualizados",
              "timedOut": null,
              "duration": 1880,
              "state": "failed",
              "speed": null,
              "pass": false,
              "fail": true,
              "pending": false,
              "context": null,
              "code": "const firstExpense = {\n  id: 0,\n  value: '11',\n  currency: 'USD',\n  method: 'Cartão de crédito',\n  tag: 'Lazer',\n  description: 'Onze dólares',\n  exchangeRates: _data.mockData\n};\n(0, _helperFunctions.addExpense)(firstExpense);\ncy.window().its('store').invoke('getState').its('wallet.expenses').should('deep.equal', [firstExpense]);\nconst secondExpense = {\n  id: 1,\n  value: '20',\n  currency: 'EUR',\n  method: 'Cartão de débito',\n  tag: 'Trabalho',\n  description: 'Vinte euros',\n  exchangeRates: _data.mockData\n};\n(0, _helperFunctions.addExpense)(secondExpense);\ncy.window().its('store').invoke('getState').its('wallet.expenses').should('deep.equal', [firstExpense, secondExpense]);\ncy.getByTestId(_constants.TOTAL_FIELD_TEST_ID).should('have.text', '154.82');",
              "err": {
                "message": "TypeError: The following error originated from your application code, not from Cypress.\n\n  > this.setState is not a function\n\nWhen Cypress detects uncaught errors originating from your application it will automatically fail the current test.\n\nThis behavior is configurable, and you can choose to turn this off by listening to the `uncaught:exception` event.\n\nhttps://on.cypress.io/uncaught-exception-from-application",
                "estack": "TypeError: The following error originated from your application code, not from Cypress.\n\n  > this.setState is not a function\n\nWhen Cypress detects uncaught errors originating from your application it will automatically fail the current test.\n\nThis behavior is configurable, and you can choose to turn this off by listening to the `uncaught:exception` event.\n\nhttps://on.cypress.io/uncaught-exception-from-application\n    at WalletForm.onInputChange (http://localhost:3000/static/js/main.chunk.js:227:10)\n    at HTMLUnknownElement.callCallback (http://localhost:3000/static/js/0.chunk.js:6269:18)\n    at Object.invokeGuardedCallbackDev (http://localhost:3000/static/js/0.chunk.js:6318:20)\n    at invokeGuardedCallback (http://localhost:3000/static/js/0.chunk.js:6371:35)\n    at invokeGuardedCallbackAndCatchFirstError (http://localhost:3000/static/js/0.chunk.js:6386:29)\n    at executeDispatch (http://localhost:3000/static/js/0.chunk.js:6471:7)\n    at executeDispatchesInOrder (http://localhost:3000/static/js/0.chunk.js:6496:9)\n    at executeDispatchesAndRelease (http://localhost:3000/static/js/0.chunk.js:9380:9)\n    at executeDispatchesAndReleaseTopLevel (http://localhost:3000/static/js/0.chunk.js:9389:14)\n    at Array.forEach (<anonymous>)\n    at forEachAccumulated (http://localhost:3000/static/js/0.chunk.js:9359:13)\n    at runEventsInBatch (http://localhost:3000/static/js/0.chunk.js:9406:7)\n    at runExtractedPluginEventsInBatch (http://localhost:3000/static/js/0.chunk.js:9616:7)\n    at handleTopLevel (http://localhost:3000/static/js/0.chunk.js:9660:9)\n    at batchedEventUpdates$1 (http://localhost:3000/static/js/0.chunk.js:27806:16)\n    at batchedEventUpdates (http://localhost:3000/static/js/0.chunk.js:6878:16)\n    at dispatchEventForLegacyPluginEventSystem (http://localhost:3000/static/js/0.chunk.js:9670:9)\n    at attemptToDispatchEvent (http://localhost:3000/static/js/0.chunk.js:10390:9)\n    at dispatchEvent (http://localhost:3000/static/js/0.chunk.js:10311:23)\n    at unstable_runWithPriority (http://localhost:3000/static/js/0.chunk.js:41822:16)\n    at runWithPriority$1 (http://localhost:3000/static/js/0.chunk.js:17156:14)\n    at discreteUpdates$1 (http://localhost:3000/static/js/0.chunk.js:27823:16)\n    at discreteUpdates (http://localhost:3000/static/js/0.chunk.js:6891:16)\n    at dispatchDiscreteEvent (http://localhost:3000/static/js/0.chunk.js:10290:7)",
                "diff": null
              },
              "uuid": "5ef8dc49-ebab-41bd-a200-e3a8c8143fd8",
              "parentUUID": "112f872a-5be1-4ae0-9892-7582d2aa6fbd",
              "isHook": false,
              "skipped": false
            }
          ],
          "suites": [],
          "passes": [
            "c9c397f1-f6f5-4e7c-a852-a3e87b0d18f4"
          ],
          "failures": [
            "e62c9673-dfed-4046-abad-25a6e4a4e75b",
            "57930406-ee56-4d15-9c12-87758abb78cb",
            "5ef8dc49-ebab-41bd-a200-e3a8c8143fd8"
          ],
          "pending": [],
          "skipped": [],
          "duration": 17936,
          "root": false,
          "rootEmpty": false,
          "_timeout": 2000
        }
      ],
      "passes": [],
      "failures": [],
      "pending": [],
      "skipped": [],
      "duration": 0,
      "root": true,
      "rootEmpty": true,
      "_timeout": 2000
    }
  ],
  "meta": {
    "mocha": {
      "version": "7.0.1"
    },
    "mochawesome": {
      "options": {
        "quiet": false,
        "reportFilename": "mochawesome",
        "saveHtml": false,
        "saveJson": true,
        "consoleReporter": "spec",
        "useInlineDiffs": false,
        "code": true
      },
      "version": "7.1.3"
    },
    "marge": {
      "options": {
        "id": "default",
        "reportDir": "cypress/reports",
        "overwrite": false,
        "html": false,
        "json": true
      },
      "version": "6.2.0"
    }
  }
}