{
  "stats": {
    "suites": 1,
    "tests": 3,
    "passes": 3,
    "pending": 0,
    "failures": 0,
    "start": "2022-08-16T23:00:50.031Z",
    "end": "2022-08-16T23:00:55.048Z",
    "duration": 5017,
    "testsRegistered": 3,
    "passPercent": 100,
    "pendingPercent": 0,
    "other": 0,
    "hasOther": false,
    "skipped": 0,
    "hasSkipped": false
  },
  "results": [
    {
      "uuid": "39f9fc17-423f-45a9-87be-42dbf203caa7",
      "title": "",
      "fullFile": "cypress/integration/02.Header_spec.js",
      "file": "cypress/integration/02.Header_spec.js",
      "beforeHooks": [],
      "afterHooks": [],
      "tests": [],
      "suites": [
        {
          "uuid": "f870199e-60ab-4d5e-beba-43243f4c0385",
          "title": "2 - Crie um header para a página de carteira contendo as seguintes características:",
          "fullFile": "",
          "file": "",
          "beforeHooks": [],
          "afterHooks": [],
          "tests": [
            {
              "title": "Um elemento que exiba o email do usuário que fez login.",
              "fullTitle": "2 - Crie um header para a página de carteira contendo as seguintes características: Um elemento que exiba o email do usuário que fez login.",
              "timedOut": null,
              "duration": 1493,
              "state": "passed",
              "speed": "fast",
              "pass": true,
              "fail": false,
              "pending": false,
              "context": null,
              "code": "cy.getByTestId(_constants.EMAIL_FIELD_TEST_ID).should('contain', _constants.VALID_EMAIL);",
              "err": {},
              "uuid": "d0d61363-950e-406f-8bd0-6d93d4fcccd2",
              "parentUUID": "f870199e-60ab-4d5e-beba-43243f4c0385",
              "isHook": false,
              "skipped": false
            },
            {
              "title": "Crie um campo com a despesa total gerada pela lista de gastos.",
              "fullTitle": "2 - Crie um header para a página de carteira contendo as seguintes características: Crie um campo com a despesa total gerada pela lista de gastos.",
              "timedOut": null,
              "duration": 961,
              "state": "passed",
              "speed": "fast",
              "pass": true,
              "fail": false,
              "pending": false,
              "context": null,
              "code": "cy.getByTestId(_constants.TOTAL_FIELD_TEST_ID).should('contain', '0');",
              "err": {},
              "uuid": "17fea766-f0af-433e-8896-674237a67285",
              "parentUUID": "f870199e-60ab-4d5e-beba-43243f4c0385",
              "isHook": false,
              "skipped": false
            },
            {
              "title": "Crie um campo que mostre que qual câmbio está sendo utilizado, que será neste caso 'BRL'",
              "fullTitle": "2 - Crie um header para a página de carteira contendo as seguintes características: Crie um campo que mostre que qual câmbio está sendo utilizado, que será neste caso 'BRL'",
              "timedOut": null,
              "duration": 1065,
              "state": "passed",
              "speed": "fast",
              "pass": true,
              "fail": false,
              "pending": false,
              "context": null,
              "code": "cy.getByTestId(_constants.HEADER_CURRENCY_FIELD_TEST_ID).should('contain', 'BRL');",
              "err": {},
              "uuid": "cf25192b-cfc8-4edf-873a-da149d2e5239",
              "parentUUID": "f870199e-60ab-4d5e-beba-43243f4c0385",
              "isHook": false,
              "skipped": false
            }
          ],
          "suites": [],
          "passes": [
            "d0d61363-950e-406f-8bd0-6d93d4fcccd2",
            "17fea766-f0af-433e-8896-674237a67285",
            "cf25192b-cfc8-4edf-873a-da149d2e5239"
          ],
          "failures": [],
          "pending": [],
          "skipped": [],
          "duration": 3519,
          "root": false,
          "rootEmpty": false,
          "_timeout": 2000
        }
      ],
      "passes": [],
      "failures": [],
      "pending": [],
      "skipped": [],
      "duration": 0,
      "root": true,
      "rootEmpty": true,
      "_timeout": 2000
    }
  ],
  "meta": {
    "mocha": {
      "version": "7.0.1"
    },
    "mochawesome": {
      "options": {
        "quiet": false,
        "reportFilename": "mochawesome",
        "saveHtml": false,
        "saveJson": true,
        "consoleReporter": "spec",
        "useInlineDiffs": false,
        "code": true
      },
      "version": "7.1.3"
    },
    "marge": {
      "options": {
        "id": "default",
        "reportDir": "cypress/reports",
        "overwrite": false,
        "html": false,
        "json": true
      },
      "version": "6.2.0"
    }
  }
}